<?xml version="1.0" encoding="UTF-8"?>
<!-- Generated by org.testng.reporters.JUnitReportReporter -->
<testsuite hostname="DESKTOP-G3L0C0N" failures="1" tests="1" name="Runner" time="6.359" errors="0" timestamp="2023-03-15T11:28:28 COT" skipped="0">
  <testcase classname="Runner" name="runScenario" time="6.359">
    <failure message="The title was not correct
Expected: &quot;Endava&quot;
     but: was &quot;Endavant - Organizatció Socialista d&#039;Alliberament Nacional&quot;" type="java.lang.AssertionError">
      <![CDATA[java.lang.AssertionError: The title was not correct
Expected: "Endava"
     but: was "Endavant - Organizatció Socialista d'Alliberament Nacional"
at org.hamcrest.MatcherAssert.assertThat(MatcherAssert.java:20)
at steps.ArticlePageSteps.theUserShouldGetTheCorrectArticlePageInTheFirstResult(ArticlePageSteps.java:29)
at ✽.the user should get the correct article page in the first result(file:///C:/Users/MARIANA/Desktop/Pasantía/Challenges/mobile-challenge/src/test/resources/features/landing_page.feature:6)
]]>
    </failure>
  </testcase> <!-- runScenario -->
  <system-out/>
</testsuite> <!-- Runner -->
